<?xml version="1.0" encoding="UTF-8"?>
<testsuite xmlns:xsi="http://www.w3.org/2001/XMLSchema-instance" xsi:noNamespaceSchemaLocation="https://maven.apache.org/surefire/maven-surefire-plugin/xsd/surefire-test-report-3.0.xsd" version="3.0" name="dci.DCIComputerTest" time="0.029" tests="5" errors="0" skipped="0" failures="0">
  <properties>
[...]
</properties>
  <testcase name="testMultipleCallsSameService" classname="dci.DCIComputerTest" time="0.002"/>
  <testcase name="testSingleServiceSystem" classname="dci.DCIComputerTest" time="0.0"/>
  <testcase name="testIsolatedServiceRMT" classname="dci.DCIComputerTest" time="0.0"/>
  <testcase name="testStatusClassification" classname="dci.DCIComputerTest" time="0.0"/>
  <testcase name="testSimpleRMTCalculation" classname="dci.DCIComputerTest" time="0.0"/>
</testsuite>